Sencha Cmd 6.2.2.36 - Crash report
================================================
An error occurred while executing the following command: generate app ./ext simple ./simple

Diagnostic information:
=======================
                    buildenvironment.dir : /Users/vajrakumar/Sencha/Projects/workspace       
               buildenvironment.load.dir : /Users/vajrakumar/Sencha/Projects/workspace       
                          cmd.config.dir : /Sencha/Cmd/6.2.2.36                              
                                 cmd.dir : /Sencha/Cmd/6.2.2.36                              
                            cmd.jvm.args : -Xms128m -Xmx1024m -Dapple.awt.UIElement=true     
              cmd.merge.tool.args.araxis : -wait -merge -3 -a1 {base} {user} {generated} {out}
              cmd.merge.tool.args.kdiff3 : {base} {user} {generated} -o {out}                
             cmd.merge.tool.args.p4merge : {base} {user} {generated} {out}                   
           cmd.merge.tool.args.smartsync : {user} {generated} {base}                         
          cmd.merge.tool.args.sourcegear : --merge --result={out} {user} {base} {generated}  
            cmd.merge.tool.args.tortoise : -base:{base} -theirs:{generated} -mine:{user} -merged:{out}
                              cmd.minver : 3.0.0.0                                           
                            cmd.platform : osx                                               
                     cmd.unicode.escapes : /Sencha/Cmd/6.2.2.36/unicode-escapes.json         
                             cmd.version : 6.2.2.36                                          
                            cmd.web.port : 1841                                              
                       inspector.address : http://localhost:1839/                            
                          repo.local.dir : /Sencha/Cmd/repo                                  
        system.java.net.useSystemProxies : true                                              
                          workspace.apps : stc-demo                                          
                        workspace.apps.0 : stc-demo                                          
                   workspace.apps.length : 1                                                 
                     workspace.build.dir : /Users/vajrakumar/Sencha/Projects/workspace/build 
                    workspace.config.dir : /Users/vajrakumar/Sencha/Projects/workspace/.sencha/workspace
                           workspace.dir : /Users/vajrakumar/Sencha/Projects/workspace       
           workspace.frameworks.ext.path : /Users/vajrakumar/Sencha/Projects/workspace/ext   
        workspace.frameworks.ext.version : 6.2.1.167                                         
                          workspace.name : Workspace                                         
                  workspace.packages.dir : /Users/vajrakumar/Sencha/Projects/workspace/packages/local,/Users/vajrakumar/Sencha/Projects/workspace/packages
              workspace.packages.extract : /Users/vajrakumar/Sencha/Projects/workspace/packages/remote
             workspace.tests.archiveRoot : /consultant                                       
           workspace.tests.archiveServer : http://localhost:1903                             
    workspace.tests.browser.farms.0.host : localhost                                         
    workspace.tests.browser.farms.0.name : Generic WebDriver                                 
workspace.tests.browser.farms.0.pools.0.name : local                                             
workspace.tests.browser.farms.0.pools.0.path : local.json                                        
workspace.tests.browser.farms.0.pools.length : 1                                                 
    workspace.tests.browser.farms.0.port : 4444                                              
workspace.tests.browser.farms.0.sessionLimit : 5                                                 
    workspace.tests.browser.farms.0.type : generic                                           
    workspace.tests.browser.farms.length : 1                                                 
                    workspace.tests.path : test/project.json                                 
                     workspace.theme.dir : /Users/vajrakumar/Sencha/Projects/workspace/packages/local,/Users/vajrakumar/Sencha/Projects/workspace/packages/${args.themeName}

Exception information:
=======================
String index out of range: 1
     at java.lang.String.substring(String.java:1951)
     at com.sencha.util.StringUtil.capitalize(StringUtil.java:582)
     at com.sencha.util.NameUtil$1.process(NameUtil.java:64)
     at com.sencha.util.NameUtil$1.process(NameUtil.java:58)
     at com.sencha.util.CollectionUtil.apply(CollectionUtil.java:110)
     at com.sencha.util.CollectionUtil$MonadicList.apply(CollectionUtil.java:236)
     at com.sencha.util.NameUtil.stringToNamespace(NameUtil.java:58)
     at com.sencha.command.generator.GeneratorCommands$AppCommand.validateAppName(GeneratorCommands.java:499)
     at com.sencha.command.generator.GeneratorCommands$AppCommand.execute(GeneratorCommands.java:360)
     at sun.reflect.NativeMethodAccessorImpl.invoke0(Native Method)
     at sun.reflect.NativeMethodAccessorImpl.invoke(NativeMethodAccessorImpl.java:62)
     at sun.reflect.DelegatingMethodAccessorImpl.invoke(DelegatingMethodAccessorImpl.java:43)
     at java.lang.reflect.Method.invoke(Method.java:497)
     at com.sencha.util.MethodInvoker$Arguments.invoke(MethodInvoker.java:175)
     at com.sencha.cli.Command.dispatch(Command.java:43)
     at com.sencha.command.BasePluginCommands$BasePluginCommand.dispatch(BasePluginCommands.java:282)
     at com.sencha.cli.Commands.dispatch(Commands.java:64)
     at com.sencha.cli.Commands.dispatch(Commands.java:64)
     at com.sencha.command.Sencha.dispatch(Sencha.java:79)
     at com.sencha.command.Sencha.main(Sencha.java:147)
     at sun.reflect.NativeMethodAccessorImpl.invoke0(Native Method)
     at sun.reflect.NativeMethodAccessorImpl.invoke(NativeMethodAccessorImpl.java:62)
     at sun.reflect.DelegatingMethodAccessorImpl.invoke(DelegatingMethodAccessorImpl.java:43)
     at java.lang.reflect.Method.invoke(Method.java:497)
     at com.exe4j.runtime.LauncherEngine.launch(LauncherEngine.java:65)
     at com.install4j.runtime.launcher.UnixLauncher.main(UnixLauncher.java:57)

